<?xml version="1.0" encoding="UTF-8"?>
<!-- Generated by org.testng.reporters.JUnitXMLReporter -->
<testsuite ignored="2" hostname="DESKTOP-LDBB7HE" failures="6" tests="9" name="Test" time="19.454" errors="0" timestamp="2023-12-21T21:17:40 EET">
  <testcase classname="regressionTest.LoginTestcases" name="lockedLogin" time="2.732"/>
  <testcase classname="regressionTest.LoginTestcases" name="sucessfulLogin" time="7.396"/>
  <testcase classname="regressionTest.LoginTestcases" name="verifyErrorLoginMessage" time="1.966"/>
  <testcase classname="regressionTest.ProductsTestcases" name="addProductTocart" time="0.016">
    <failure type="java.lang.NullPointerException" message="Cannot invoke &amp;quot;org.openqa.selenium.WebDriver.navigate()&amp;quot; because &amp;quot;this.driver&amp;quot; is null">
      <![CDATA[java.lang.NullPointerException: Cannot invoke "org.openqa.selenium.WebDriver.navigate()" because "this.driver" is null
at PageObjects.LoginPages.navigateSwagLabs(LoginPages.java:22)
at regressionTest.ProductsTestcases.addProductTocart(ProductsTestcases.java:31)
at java.base/java.util.ArrayList.forEach(ArrayList.java:1511)
... Removed 27 stack frames]]>
    </failure>
  </testcase> <!-- addProductTocart -->
  <testcase classname="regressionTest.ProductsTestcases" name="verifyMenuContents" time="0.027">
    <failure type="java.lang.NullPointerException" message="Cannot invoke &amp;quot;org.openqa.selenium.WebDriver.navigate()&amp;quot; because &amp;quot;this.driver&amp;quot; is null">
      <![CDATA[java.lang.NullPointerException: Cannot invoke "org.openqa.selenium.WebDriver.navigate()" because "this.driver" is null
at PageObjects.LoginPages.navigateSwagLabs(LoginPages.java:22)
at regressionTest.ProductsTestcases.verifyMenuContents(ProductsTestcases.java:106)
at java.base/java.util.ArrayList.forEach(ArrayList.java:1511)
... Removed 27 stack frames]]>
    </failure>
  </testcase> <!-- verifyMenuContents -->
  <testcase classname="regressionTest.ProductsTestcases" name="verifyProductRemovalFromCart" time="0.0">
    <failure type="java.lang.NullPointerException" message="Cannot invoke &amp;quot;org.openqa.selenium.WebDriver.navigate()&amp;quot; because &amp;quot;this.driver&amp;quot; is null">
      <![CDATA[java.lang.NullPointerException: Cannot invoke "org.openqa.selenium.WebDriver.navigate()" because "this.driver" is null
at PageObjects.LoginPages.navigateSwagLabs(LoginPages.java:22)
at regressionTest.ProductsTestcases.verifyProductRemovalFromCart(ProductsTestcases.java:134)
at java.base/java.util.ArrayList.forEach(ArrayList.java:1511)
... Removed 27 stack frames]]>
    </failure>
  </testcase> <!-- verifyProductRemovalFromCart -->
  <testcase classname="regressionTest.ProductsTestcases" name="verifySortFromZtoA" time="0.0">
    <failure type="java.lang.NullPointerException" message="Cannot invoke &amp;quot;org.openqa.selenium.WebDriver.navigate()&amp;quot; because &amp;quot;this.driver&amp;quot; is null">
      <![CDATA[java.lang.NullPointerException: Cannot invoke "org.openqa.selenium.WebDriver.navigate()" because "this.driver" is null
at PageObjects.LoginPages.navigateSwagLabs(LoginPages.java:22)
at regressionTest.ProductsTestcases.verifySortFromZtoA(ProductsTestcases.java:83)
at java.base/java.util.ArrayList.forEach(ArrayList.java:1511)
... Removed 27 stack frames]]>
    </failure>
  </testcase> <!-- verifySortFromZtoA -->
  <testcase classname="regressionTest.ProductsTestcases" name="verifySortOfProducts" time="0.0">
    <failure type="java.lang.NullPointerException" message="Cannot invoke &amp;quot;org.openqa.selenium.WebDriver.navigate()&amp;quot; because &amp;quot;this.driver&amp;quot; is null">
      <![CDATA[java.lang.NullPointerException: Cannot invoke "org.openqa.selenium.WebDriver.navigate()" because "this.driver" is null
at PageObjects.LoginPages.navigateSwagLabs(LoginPages.java:22)
at regressionTest.ProductsTestcases.verifySortOfProducts(ProductsTestcases.java:44)
at java.base/java.util.ArrayList.forEach(ArrayList.java:1511)
... Removed 27 stack frames]]>
    </failure>
  </testcase> <!-- verifySortOfProducts -->
  <testcase classname="regressionTest.ProductsTestcases" name="verifyTheCartCount" time="0.015">
    <failure type="java.lang.NullPointerException" message="Cannot invoke &amp;quot;org.openqa.selenium.WebDriver.navigate()&amp;quot; because &amp;quot;this.driver&amp;quot; is null">
      <![CDATA[java.lang.NullPointerException: Cannot invoke "org.openqa.selenium.WebDriver.navigate()" because "this.driver" is null
at PageObjects.LoginPages.navigateSwagLabs(LoginPages.java:22)
at regressionTest.ProductsTestcases.verifyTheCartCount(ProductsTestcases.java:118)
at java.base/java.util.ArrayList.forEach(ArrayList.java:1511)
... Removed 27 stack frames]]>
    </failure>
  </testcase> <!-- verifyTheCartCount -->
  <testcase classname="framework.BaseTest" name="@BeforeTest setup" time="0.0">
    <ignored/>
  </testcase> <!-- @BeforeTest setup -->
  <testcase classname="framework.BaseTest" name="@AfterTest tearDown" time="0.0">
    <ignored/>
  </testcase> <!-- @AfterTest tearDown -->
</testsuite> <!-- Test -->
